0 info it worked if it ends with ok
1 verbose cli [ 'C:\\Program Files\\nodejs\\node.exe',
1 verbose cli   'C:\\Users\\nermande\\AppData\\Roaming\\npm\\node_modules\\npm\\bin\\npm-cli.js',
1 verbose cli   'run',
1 verbose cli   'dev' ]
2 info using npm@3.8.7
3 info using node@v4.2.2
4 verbose run-script [ 'predev', 'dev', 'postdev' ]
5 info lifecycle lmt@0.0.1~predev: lmt@0.0.1
6 silly lifecycle lmt@0.0.1~predev: no script for predev, continuing
7 info lifecycle lmt@0.0.1~dev: lmt@0.0.1
8 verbose lifecycle lmt@0.0.1~dev: unsafe-perm in lifecycle true
9 verbose lifecycle lmt@0.0.1~dev: PATH: C:\Users\nermande\AppData\Roaming\npm\node_modules\npm\bin\node-gyp-bin;C:\Code\Live Matches Test\node_modules\.bin;C:\Program Files\nodejs;C:\ProgramData\Oracle\Java\javapath;C:\Windows\system32;C:\Windows;C:\Windows\System32\Wbem;C:\Windows\System32\WindowsPowerShell\v1.0\;C:\Program Files (x86)\Windows Kits\8.1\Windows Performance Toolkit\;C:\Program Files\Microsoft SQL Server\110\Tools\Binn\;C:\Program Files\Microsoft SQL Server\110\DTS\Binn\;C:\Program Files (x86)\Microsoft SQL Server\110\Tools\Binn\;C:\Program Files (x86)\Microsoft SQL Server\110\Tools\Binn\ManagementStudio\;C:\Program Files (x86)\Microsoft Visual Studio 10.0\Common7\IDE\PrivateAssemblies\;C:\Program Files (x86)\Microsoft SQL Server\110\DTS\Binn\;C:\Program Files (x86)\Microsoft SDKs\TypeScript\1.0\;C:\Program Files\Microsoft SQL Server\120\Tools\Binn\;C:\Program Files\nodejs\;C:\HashiCorp\Vagrant\bin;C:\cygwin64\bin;C:\Program Files (x86)\Git\cmd;C:\Program Files (x86)\GitExtensions\;C:\Program Files (x86)\Skype\Phone\;C:\Users\nermande\.dnx\runtimes\dnx-clr-win-x86.1.0.0-rc1-update1\bin;C:\Users\nermande\.dnx\bin;C:\Users\nermande\AppData\Roaming\npm;C:\Consul;C:\Program Files\Docker Toolbox
10 verbose lifecycle lmt@0.0.1~dev: CWD: C:\Code\Live Matches Test
11 silly lifecycle lmt@0.0.1~dev: Args: [ '/d /s /c', 'lite-server' ]
12 silly lifecycle lmt@0.0.1~dev: Returned: code: 1  signal: null
13 info lifecycle lmt@0.0.1~dev: Failed to exec dev script
14 verbose stack Error: lmt@0.0.1 dev: `lite-server`
14 verbose stack Exit status 1
14 verbose stack     at EventEmitter.<anonymous> (C:\Users\nermande\AppData\Roaming\npm\node_modules\npm\lib\utils\lifecycle.js:244:16)
14 verbose stack     at emitTwo (events.js:87:13)
14 verbose stack     at EventEmitter.emit (events.js:172:7)
14 verbose stack     at ChildProcess.<anonymous> (C:\Users\nermande\AppData\Roaming\npm\node_modules\npm\lib\utils\spawn.js:24:14)
14 verbose stack     at emitTwo (events.js:87:13)
14 verbose stack     at ChildProcess.emit (events.js:172:7)
14 verbose stack     at maybeClose (internal/child_process.js:818:16)
14 verbose stack     at Process.ChildProcess._handle.onexit (internal/child_process.js:211:5)
15 verbose pkgid lmt@0.0.1
16 verbose cwd C:\Code\Live Matches Test\Live Matches Test
17 error Windows_NT 6.3.9600
18 error argv "C:\\Program Files\\nodejs\\node.exe" "C:\\Users\\nermande\\AppData\\Roaming\\npm\\node_modules\\npm\\bin\\npm-cli.js" "run" "dev"
19 error node v4.2.2
20 error npm  v3.8.7
21 error code ELIFECYCLE
22 error lmt@0.0.1 dev: `lite-server`
22 error Exit status 1
23 error Failed at the lmt@0.0.1 dev script 'lite-server'.
23 error Make sure you have the latest version of node.js and npm installed.
23 error If you do, this is most likely a problem with the lmt package,
23 error not with npm itself.
23 error Tell the author that this fails on your system:
23 error     lite-server
23 error You can get information on how to open an issue for this project with:
23 error     npm bugs lmt
23 error Or if that isn't available, you can get their info via:
23 error     npm owner ls lmt
23 error There is likely additional logging output above.
24 verbose exit [ 1, true ]
